<?xml version="1.0" encoding="UTF-8"?>
<!-- Generated by org.testng.reporters.JUnitReportReporter -->
<testsuite hostname="Rony" failures="0" tests="1" name="testcases.MyFirstTestFW" time="14.261" errors="0" timestamp="2025-07-11T11:40:22 IST" skipped="0">
  <testcase classname="testcases.MyFirstTestFW" name="LoginTest" time="14.261"/>
</testsuite> <!-- testcases.MyFirstTestFW -->
